<?xml version="1.0" encoding="UTF-8"?>
<!-- Generated by org.testng.reporters.JUnitReportReporter -->
<testsuite skipped="0" hostname="DESKTOP-0QT4LUR" name="basics.LibraryApiPostRequest" tests="3" failures="0" timestamp="28 Jan 2019 19:40:33 GMT" time="4.960" errors="0">
  <testcase name="postCall" time="0.281" classname="basics.LibraryApiPostRequest"/>
  <testcase name="postCall" time="0.249" classname="basics.LibraryApiPostRequest"/>
  <testcase name="postCall" time="4.430" classname="basics.LibraryApiPostRequest"/>
</testsuite> <!-- basics.LibraryApiPostRequest -->
