<?xml version="1.0" encoding="UTF-8"?>
<!-- Generated by org.testng.reporters.JUnitReportReporter -->
<testsuite skipped="0" hostname="DESKTOP-0QT4LUR" name="basics.GPAssignment" tests="1" failures="0" timestamp="29 Jan 2019 18:31:12 GMT" time="9.351" errors="0">
  <testcase name="runCode" time="9.351" classname="basics.GPAssignment"/>
</testsuite> <!-- basics.GPAssignment -->
